<?xml version="1.0" encoding="UTF-8"?>
<!-- Generated by org.testng.reporters.JUnitReportReporter -->
<testsuite skipped="0" hostname="DESKTOP-UK6UV1L" name="com.qa.request.GetCall2" tests="1" failures="0" timestamp="31 Aug 2019 14:11:11 GMT" time="3.740" errors="0">
  <testcase name="getRestAPI" time="3.740" classname="com.qa.request.GetCall2"/>
</testsuite> <!-- com.qa.request.GetCall2 -->
