<?xml version="1.0" encoding="UTF-8"?>
<!-- Generated by org.testng.reporters.JUnitReportReporter -->
<testsuite skipped="0" hostname="DESKTOP-UK6UV1L" name="com.qa.request.GetCall" tests="1" failures="0" timestamp="31 Aug 2019 14:10:55 GMT" time="4.014" errors="0">
  <testcase name="getRestAPI" time="4.014" classname="com.qa.request.GetCall"/>
</testsuite> <!-- com.qa.request.GetCall -->
