<?xml version="1.0" encoding="UTF-8"?>
<!-- Generated by org.testng.reporters.JUnitReportReporter -->
<testsuite skipped="0" hostname="DESKTOP-UK6UV1L" name="com.qa.request.PostCall" tests="1" failures="0" timestamp="31 Aug 2019 14:12:29 GMT" time="3.187" errors="0">
  <testcase name="postRequestAPI" time="3.187" classname="com.qa.request.PostCall"/>
</testsuite> <!-- com.qa.request.PostCall -->
